# JRE version: OpenJDK Runtime Environment (11.0.1+3) (build 11.0.0.1+3-5)
# Java VM: OpenJDK 64-Bit Server VM (11.0.0.1+3-5, mixed mode, tiered, compressed oops, g1 gc, windows-amd64)
Heap:
 garbage-first heap   total 310272K, used 72869K [0x0000000704400000, 0x0000000800000000)
  region size 1024K, 66 young (67584K), 12 survivors (12288K)
 Metaspace       used 58878K, capacity 60099K, committed 60160K, reserved 1101824K
  class space    used 7507K, capacity 8027K, committed 8064K, reserved 1048576K
GC Heap History (10 events):
Event: 0.896 GC heap before
{Heap before GC invocations=1 (full 0):
 garbage-first heap   total 258048K, used 32232K [0x0000000704400000, 0x0000000800000000)
  region size 1024K, 28 young (28672K), 3 survivors (3072K)
 Metaspace       used 15999K, capacity 16362K, committed 16512K, reserved 1064960K
  class space    used 1658K, capacity 1804K, committed 1920K, reserved 1048576K
}
Event: 0.900 GC heap after
{Heap after GC invocations=2 (full 0):
 garbage-first heap   total 258048K, used 8194K [0x0000000704400000, 0x0000000800000000)
  region size 1024K, 2 young (2048K), 2 survivors (2048K)
 Metaspace       used 15999K, capacity 16362K, committed 16512K, reserved 1064960K
  class space    used 1658K, capacity 1804K, committed 1920K, reserved 1048576K
}
Event: 1.224 GC heap before
{Heap before GC invocations=2 (full 0):
 garbage-first heap   total 258048K, used 37890K [0x0000000704400000, 0x0000000800000000)
  region size 1024K, 33 young (33792K), 2 survivors (2048K)
 Metaspace       used 20685K, capacity 21166K, committed 21248K, reserved 1069056K
  class space    used 2306K, capacity 2508K, committed 2560K, reserved 1048576K
}
Event: 1.226 GC heap after
{Heap after GC invocations=3 (full 0):
 garbage-first heap   total 258048K, used 9141K [0x0000000704400000, 0x0000000800000000)
  region size 1024K, 3 young (3072K), 3 survivors (3072K)
 Metaspace       used 20685K, capacity 21166K, committed 21248K, reserved 1069056K
  class space    used 2306K, capacity 2508K, committed 2560K, reserved 1048576K
}
Event: 1.718 GC heap before
{Heap before GC invocations=4 (full 0):
 garbage-first heap   total 258048K, used 109493K [0x0000000704400000, 0x0000000800000000)
  region size 1024K, 102 young (104448K), 3 survivors (3072K)
 Metaspace       used 29117K, capacity 29807K, committed 30080K, reserved 1075200K
  class space    used 3387K, capacity 3643K, committed 3712K, reserved 1048576K
}
Event: 1.723 GC heap after
{Heap after GC invocations=5 (full 0):
 garbage-first heap   total 258048K, used 11627K [0x0000000704400000, 0x0000000800000000)
  region size 1024K, 5 young (5120K), 5 survivors (5120K)
 Metaspace       used 29117K, capacity 29807K, committed 30080K, reserved 1075200K
  class space    used 3387K, capacity 3643K, committed 3712K, reserved 1048576K
}
Event: 2.585 GC heap before
{Heap before GC invocations=5 (full 0):
 garbage-first heap   total 258048K, used 72043K [0x0000000704400000, 0x0000000800000000)
  region size 1024K, 65 young (66560K), 5 survivors (5120K)
 Metaspace       used 34983K, capacity 35817K, committed 35840K, reserved 1081344K
  class space    used 4128K, capacity 4459K, committed 4480K, reserved 1048576K
}
Event: 2.596 GC heap after
{Heap after GC invocations=6 (full 0):
 garbage-first heap   total 258048K, used 13798K [0x0000000704400000, 0x0000000800000000)
  region size 1024K, 7 young (7168K), 7 survivors (7168K)
 Metaspace       used 34983K, capacity 35817K, committed 35840K, reserved 1081344K
  class space    used 4128K, capacity 4459K, committed 4480K, reserved 1048576K
}
Event: 4.669 GC heap before
{Heap before GC invocations=7 (full 0):
 garbage-first heap   total 258048K, used 160230K [0x0000000704400000, 0x0000000800000000)
  region size 1024K, 151 young (154624K), 7 survivors (7168K)
 Metaspace       used 49843K, capacity 51019K, committed 51328K, reserved 1093632K
  class space    used 6194K, capacity 6689K, committed 6784K, reserved 1048576K
}
Event: 4.684 GC heap after
{Heap after GC invocations=8 (full 0):
 garbage-first heap   total 310272K, used 18597K [0x0000000704400000, 0x0000000800000000)
  region size 1024K, 12 young (12288K), 12 survivors (12288K)
 Metaspace       used 49843K, capacity 51019K, committed 51328K, reserved 1093632K
  class space    used 6194K, capacity 6689K, committed 6784K, reserved 1048576K
}

